0 info it worked if it ends with ok
1 verbose cli [ 'node', '/usr/local/bin/npm', 'install', 'sass' ]
2 info using npm@2.12.1
3 info using node@v0.12.7
4 verbose node symlink /usr/local/bin/node
5 verbose install initial load of /Users/Brandon/WebstormProjects/monday_solo_challenge/package.json
6 warn package.json monday_solo_challenge@1.0.0 No repository field.
7 warn package.json monday_solo_challenge@1.0.0 No README data
8 verbose installManyTop reading scoped package data from /Users/Brandon/WebstormProjects/monday_solo_challenge/node_modules/bootstrap/package.json
9 verbose installManyTop reading scoped package data from /Users/Brandon/WebstormProjects/monday_solo_challenge/node_modules/express/package.json
10 verbose installManyTop reading scoped package data from /Users/Brandon/WebstormProjects/monday_solo_challenge/node_modules/grunt/package.json
11 verbose installManyTop reading scoped package data from /Users/Brandon/WebstormProjects/monday_solo_challenge/node_modules/grunt-contrib-copy/package.json
12 verbose installManyTop reading scoped package data from /Users/Brandon/WebstormProjects/monday_solo_challenge/node_modules/grunt-contrib-uglify/package.json
13 verbose installManyTop reading scoped package data from /Users/Brandon/WebstormProjects/monday_solo_challenge/node_modules/jquery/package.json
14 verbose installManyTop reading scoped package data from /Users/Brandon/WebstormProjects/monday_solo_challenge/node_modules/path/package.json
15 info package.json grunt-contrib-copy@0.8.0 No license field.
16 info package.json grunt-contrib-uglify@0.9.1 No license field.
17 info package.json grunt@0.4.5 No license field.
18 info package.json path@0.11.14 path is also the name of a node core module.
19 info package.json jquery@2.1.4 No license field.
20 verbose readDependencies loading dependencies from /Users/Brandon/WebstormProjects/monday_solo_challenge/package.json
21 silly cache add args [ 'sass', null ]
22 verbose cache add spec sass
23 silly cache add parsed spec { raw: 'sass',
23 silly cache add   scope: null,
23 silly cache add   name: 'sass',
23 silly cache add   rawSpec: '',
23 silly cache add   spec: '*',
23 silly cache add   type: 'range' }
24 silly addNamed sass@*
25 verbose addNamed "*" is a valid semver range for sass
26 silly addNameRange { name: 'sass', range: '*', hasData: false }
27 silly mapToRegistry name sass
28 silly mapToRegistry using default registry
29 silly mapToRegistry registry https://registry.npmjs.org/
30 silly mapToRegistry uri https://registry.npmjs.org/sass
31 verbose addNameRange registry:https://registry.npmjs.org/sass not in flight; fetching
32 verbose request uri https://registry.npmjs.org/sass
33 verbose request no auth needed
34 info attempt registry request try #1 at 09:30:36
35 verbose request id 0d1c324537958e4f
36 http request GET https://registry.npmjs.org/sass
37 http 200 https://registry.npmjs.org/sass
38 silly get cb [ 200,
38 silly get   { 'cache-control': 'max-age=60',
38 silly get     'content-length': '0',
38 silly get     'accept-ranges': 'bytes',
38 silly get     date: 'Wed, 05 Aug 2015 14:30:36 GMT',
38 silly get     via: '1.1 varnish',
38 silly get     age: '0',
38 silly get     connection: 'keep-alive',
38 silly get     'x-served-by': 'cache-ord1729-ORD',
38 silly get     'x-cache': 'MISS',
38 silly get     'x-cache-hits': '0',
38 silly get     'x-timer': 'S1438785036.553207,VS0,VE42' } ]
39 verbose stack Error: failed to fetch from registry: https://registry.npmjs.org/sass
39 verbose stack     at /usr/local/lib/node_modules/npm/lib/cache/caching-client.js:163:27
39 verbose stack     at /usr/local/lib/node_modules/npm/lib/cache/caching-client.js:52:8
39 verbose stack     at f (/usr/local/lib/node_modules/npm/node_modules/once/once.js:17:25)
39 verbose stack     at /usr/local/lib/node_modules/npm/node_modules/npm-registry-client/lib/request.js:68:16
39 verbose stack     at f (/usr/local/lib/node_modules/npm/node_modules/once/once.js:17:25)
39 verbose stack     at CachingRegistryClient.<anonymous> (/usr/local/lib/node_modules/npm/node_modules/npm-registry-client/lib/request.js:255:12)
39 verbose stack     at Request._callback (/usr/local/lib/node_modules/npm/node_modules/npm-registry-client/lib/request.js:170:14)
39 verbose stack     at Request.self.callback (/usr/local/lib/node_modules/npm/node_modules/request/request.js:197:22)
39 verbose stack     at Request.emit (events.js:110:17)
39 verbose stack     at Request.<anonymous> (/usr/local/lib/node_modules/npm/node_modules/request/request.js:1050:14)
40 verbose cwd /Users/Brandon/WebstormProjects/monday_solo_challenge
41 error Darwin 14.3.0
42 error argv "node" "/usr/local/bin/npm" "install" "sass"
43 error node v0.12.7
44 error npm  v2.12.1
45 error failed to fetch from registry: https://registry.npmjs.org/sass
46 error If you need help, you may report this error at:
46 error     <https://github.com/npm/npm/issues>
47 verbose exit [ 1, true ]
